Build started 28/10/2015 21:13:41.
     1>Project "C:\Users\Daniel\Documents\Education\HND Computer Science\Year 2\Advanced Software Development\OOP\C++\Assignment\ImageProcessing\ImageProcessing\ImageProcessing.vcxproj" on node 2 (build target(s)).
     1>InitializeBuildStatus:
         Creating "Debug\ImageProcessing.unsuccessfulbuild" because "AlwaysCreate" was specified.
       ClCompile:
         All outputs are up-to-date.
         All outputs are up-to-date.
       ResourceCompile:
         All outputs are up-to-date.
       ManifestResourceCompile:
         All outputs are up-to-date.
       Link:
         All outputs are up-to-date.
       Manifest:
         All outputs are up-to-date.
       FinalizeBuildStatus:
         Deleting file "Debug\ImageProcessing.unsuccessfulbuild".
         Touching "Debug\ImageProcessing.lastbuildstate".
     1>Done Building Project "C:\Users\Daniel\Documents\Education\HND Computer Science\Year 2\Advanced Software Development\OOP\C++\Assignment\ImageProcessing\ImageProcessing\ImageProcessing.vcxproj" (build target(s)).

Build succeeded.

Time Elapsed 00:00:00.05
