C:\USERS\DANIEL\DOCUMENTS\EDUCATION\HND\YEAR 2\ADVANCED SOFTWARE DEVELOPMENT\OOP\C++\ASSIGNMENT\IMAGEPROCESSING\DEBUG\IMAGEPROCESSING.EXE
C:\USERS\DANIEL\DOCUMENTS\EDUCATION\HND\YEAR 2\ADVANCED SOFTWARE DEVELOPMENT\OOP\C++\ASSIGNMENT\IMAGEPROCESSING\DEBUG\IMAGEPROCESSING.ILK
C:\USERS\DANIEL\DOCUMENTS\EDUCATION\HND\YEAR 2\ADVANCED SOFTWARE DEVELOPMENT\OOP\C++\ASSIGNMENT\IMAGEPROCESSING\DEBUG\IMAGEPROCESSING.PDB
C:\Users\Daniel\Documents\Education\HND\Year 2\Advanced Software Development\OOP\C++\Assignment\ImageProcessing\ImageProcessing\Debug\cl.command.1.tlog
C:\Users\Daniel\Documents\Education\HND\Year 2\Advanced Software Development\OOP\C++\Assignment\ImageProcessing\ImageProcessing\Debug\CL.read.1.tlog
C:\Users\Daniel\Documents\Education\HND\Year 2\Advanced Software Development\OOP\C++\Assignment\ImageProcessing\ImageProcessing\Debug\CL.write.1.tlog
C:\USERS\DANIEL\DOCUMENTS\EDUCATION\HND\YEAR 2\ADVANCED SOFTWARE DEVELOPMENT\OOP\C++\ASSIGNMENT\IMAGEPROCESSING\IMAGEPROCESSING\DEBUG\IMAGEPROCESSING.EXE.EMBED.MANIFEST
C:\USERS\DANIEL\DOCUMENTS\EDUCATION\HND\YEAR 2\ADVANCED SOFTWARE DEVELOPMENT\OOP\C++\ASSIGNMENT\IMAGEPROCESSING\IMAGEPROCESSING\DEBUG\IMAGEPROCESSING.EXE.EMBED.MANIFEST.RES
C:\USERS\DANIEL\DOCUMENTS\EDUCATION\HND\YEAR 2\ADVANCED SOFTWARE DEVELOPMENT\OOP\C++\ASSIGNMENT\IMAGEPROCESSING\IMAGEPROCESSING\DEBUG\IMAGEPROCESSING.EXE.INTERMEDIATE.MANIFEST
C:\USERS\DANIEL\DOCUMENTS\EDUCATION\HND\YEAR 2\ADVANCED SOFTWARE DEVELOPMENT\OOP\C++\ASSIGNMENT\IMAGEPROCESSING\IMAGEPROCESSING\DEBUG\IMAGEPROCESSING.OBJ
C:\USERS\DANIEL\DOCUMENTS\EDUCATION\HND\YEAR 2\ADVANCED SOFTWARE DEVELOPMENT\OOP\C++\ASSIGNMENT\IMAGEPROCESSING\IMAGEPROCESSING\DEBUG\IMAGEPROCESSING.PCH
C:\Users\Daniel\Documents\Education\HND\Year 2\Advanced Software Development\OOP\C++\Assignment\ImageProcessing\ImageProcessing\Debug\ImageProcessing.vcxprojResolveAssemblyReference.cache
C:\Users\Daniel\Documents\Education\HND\Year 2\Advanced Software Development\OOP\C++\Assignment\ImageProcessing\ImageProcessing\Debug\ImageProcessing.write.1.tlog
C:\Users\Daniel\Documents\Education\HND\Year 2\Advanced Software Development\OOP\C++\Assignment\ImageProcessing\ImageProcessing\Debug\ImageProcessing_manifest.rc
C:\Users\Daniel\Documents\Education\HND\Year 2\Advanced Software Development\OOP\C++\Assignment\ImageProcessing\ImageProcessing\Debug\link.10304.9012.read.1.tlog
C:\Users\Daniel\Documents\Education\HND\Year 2\Advanced Software Development\OOP\C++\Assignment\ImageProcessing\ImageProcessing\Debug\link.10304.9012.write.1.tlog
C:\Users\Daniel\Documents\Education\HND\Year 2\Advanced Software Development\OOP\C++\Assignment\ImageProcessing\ImageProcessing\Debug\link.10304.9012-cvtres.read.1.tlog
C:\Users\Daniel\Documents\Education\HND\Year 2\Advanced Software Development\OOP\C++\Assignment\ImageProcessing\ImageProcessing\Debug\link.10304.9012-cvtres.write.1.tlog
C:\Users\Daniel\Documents\Education\HND\Year 2\Advanced Software Development\OOP\C++\Assignment\ImageProcessing\ImageProcessing\Debug\link.10304.read.1.tlog
C:\Users\Daniel\Documents\Education\HND\Year 2\Advanced Software Development\OOP\C++\Assignment\ImageProcessing\ImageProcessing\Debug\link.10304.write.1.tlog
C:\Users\Daniel\Documents\Education\HND\Year 2\Advanced Software Development\OOP\C++\Assignment\ImageProcessing\ImageProcessing\Debug\link.10304-cvtres.read.1.tlog
C:\Users\Daniel\Documents\Education\HND\Year 2\Advanced Software Development\OOP\C++\Assignment\ImageProcessing\ImageProcessing\Debug\link.10304-cvtres.write.1.tlog
C:\Users\Daniel\Documents\Education\HND\Year 2\Advanced Software Development\OOP\C++\Assignment\ImageProcessing\ImageProcessing\Debug\link.10496.read.1.tlog
C:\Users\Daniel\Documents\Education\HND\Year 2\Advanced Software Development\OOP\C++\Assignment\ImageProcessing\ImageProcessing\Debug\link.10496.write.1.tlog
C:\Users\Daniel\Documents\Education\HND\Year 2\Advanced Software Development\OOP\C++\Assignment\ImageProcessing\ImageProcessing\Debug\link.10496-cvtres.read.1.tlog
C:\Users\Daniel\Documents\Education\HND\Year 2\Advanced Software Development\OOP\C++\Assignment\ImageProcessing\ImageProcessing\Debug\link.10496-cvtres.write.1.tlog
C:\Users\Daniel\Documents\Education\HND\Year 2\Advanced Software Development\OOP\C++\Assignment\ImageProcessing\ImageProcessing\Debug\link.command.1.tlog
C:\Users\Daniel\Documents\Education\HND\Year 2\Advanced Software Development\OOP\C++\Assignment\ImageProcessing\ImageProcessing\Debug\link.read.1.tlog
C:\Users\Daniel\Documents\Education\HND\Year 2\Advanced Software Development\OOP\C++\Assignment\ImageProcessing\ImageProcessing\Debug\link.write.1.tlog
C:\Users\Daniel\Documents\Education\HND\Year 2\Advanced Software Development\OOP\C++\Assignment\ImageProcessing\ImageProcessing\Debug\link-cvtres.read.1.tlog
C:\Users\Daniel\Documents\Education\HND\Year 2\Advanced Software Development\OOP\C++\Assignment\ImageProcessing\ImageProcessing\Debug\link-cvtres.write.1.tlog
C:\USERS\DANIEL\DOCUMENTS\EDUCATION\HND\YEAR 2\ADVANCED SOFTWARE DEVELOPMENT\OOP\C++\ASSIGNMENT\IMAGEPROCESSING\IMAGEPROCESSING\DEBUG\MATRIXCLASS.OBJ
C:\Users\Daniel\Documents\Education\HND\Year 2\Advanced Software Development\OOP\C++\Assignment\ImageProcessing\ImageProcessing\Debug\mt.command.1.tlog
C:\Users\Daniel\Documents\Education\HND\Year 2\Advanced Software Development\OOP\C++\Assignment\ImageProcessing\ImageProcessing\Debug\mt.read.1.tlog
C:\Users\Daniel\Documents\Education\HND\Year 2\Advanced Software Development\OOP\C++\Assignment\ImageProcessing\ImageProcessing\Debug\mt.write.1.tlog
C:\Users\Daniel\Documents\Education\HND\Year 2\Advanced Software Development\OOP\C++\Assignment\ImageProcessing\ImageProcessing\Debug\rc.command.1.tlog
C:\Users\Daniel\Documents\Education\HND\Year 2\Advanced Software Development\OOP\C++\Assignment\ImageProcessing\ImageProcessing\Debug\rc.read.1.tlog
C:\Users\Daniel\Documents\Education\HND\Year 2\Advanced Software Development\OOP\C++\Assignment\ImageProcessing\ImageProcessing\Debug\rc.write.1.tlog
C:\USERS\DANIEL\DOCUMENTS\EDUCATION\HND\YEAR 2\ADVANCED SOFTWARE DEVELOPMENT\OOP\C++\ASSIGNMENT\IMAGEPROCESSING\IMAGEPROCESSING\DEBUG\STDAFX.OBJ
C:\Users\Daniel\Documents\Education\HND\Year 2\Advanced Software Development\OOP\C++\Assignment\ImageProcessing\ImageProcessing\Debug\vc100.idb
C:\USERS\DANIEL\DOCUMENTS\EDUCATION\HND\YEAR 2\ADVANCED SOFTWARE DEVELOPMENT\OOP\C++\ASSIGNMENT\IMAGEPROCESSING\IMAGEPROCESSING\DEBUG\VC100.PDB
C:\USERS\DANIEL\SKYDRIVE\DOCUMENTS\IMAGEPROCESSING\DEBUG\IMAGEPROCESSING.EXE
C:\USERS\DANIEL\SKYDRIVE\DOCUMENTS\IMAGEPROCESSING\DEBUG\IMAGEPROCESSING.ILK
C:\USERS\DANIEL\SKYDRIVE\DOCUMENTS\IMAGEPROCESSING\DEBUG\IMAGEPROCESSING.PDB
C:\USERS\DANIEL\SKYDRIVE\DOCUMENTS\IMAGEPROCESSING\IMAGEPROCESSING\DEBUG\IMAGEPROCESSING.EXE.EMBED.MANIFEST.RES
C:\USERS\DANIEL\SKYDRIVE\DOCUMENTS\IMAGEPROCESSING\IMAGEPROCESSING\DEBUG\IMAGEPROCESSING.EXE.INTERMEDIATE.MANIFEST
C:\USERS\DANIEL\SKYDRIVE\DOCUMENTS\IMAGEPROCESSING\IMAGEPROCESSING\DEBUG\IMAGEPROCESSING.OBJ
C:\USERS\DANIEL\SKYDRIVE\DOCUMENTS\IMAGEPROCESSING\IMAGEPROCESSING\DEBUG\IMAGEPROCESSING.PCH
C:\USERS\DANIEL\SKYDRIVE\DOCUMENTS\IMAGEPROCESSING\IMAGEPROCESSING\DEBUG\MATRIXCLASS.OBJ
C:\USERS\DANIEL\SKYDRIVE\DOCUMENTS\IMAGEPROCESSING\IMAGEPROCESSING\DEBUG\STDAFX.OBJ
C:\USERS\DANIEL\SKYDRIVE\DOCUMENTS\IMAGEPROCESSING\IMAGEPROCESSING\DEBUG\VC100.PDB
